[2025-10-24 09:49:03] INFO: ========================================
[2025-10-24 09:49:03] INFO: DigiTontine API demarre avec succes!
[2025-10-24 09:49:03] INFO: Environnement: development
[2025-10-24 09:49:03] INFO: URL: http://localhost:5000
[2025-10-24 09:49:03] INFO: API Prefix: /digitontine
[2025-10-24 09:49:03] INFO: Cle API: ACTIVEE sur toutes les routes /digitontine/*
[2025-10-24 09:49:03] INFO: Middleware Password Change: ACTIF sur routes protegees
[2025-10-24 09:49:03] INFO: Route publique admin: http://localhost:5000/create-admin-public
[2025-10-24 09:49:03] INFO: Test Check: http://localhost:5000/test
[2025-10-24 09:49:03] INFO: API DOCS: http://localhost:5000/api-docs
[2025-10-24 09:49:03] INFO: ========================================
[2025-10-24 09:49:18] WARN: 🔍 Route non trouvée: POST /digitontine/create-admin-public - IP: ::1
[2025-10-24 09:49:33] ERROR:  Erreur de connexion MongoDB:
[2025-10-24 09:49:50] INFO: ========================================
[2025-10-24 09:49:50] INFO: DigiTontine API demarre avec succes!
[2025-10-24 09:49:50] INFO: Environnement: development
[2025-10-24 09:49:50] INFO: URL: http://localhost:5000
[2025-10-24 09:49:50] INFO: API Prefix: /digitontine
[2025-10-24 09:49:50] INFO: Cle API: ACTIVEE sur toutes les routes /digitontine/*
[2025-10-24 09:49:50] INFO: Middleware Password Change: ACTIF sur routes protegees
[2025-10-24 09:49:50] INFO: Route publique admin: http://localhost:5000/create-admin-public
[2025-10-24 09:49:50] INFO: Test Check: http://localhost:5000/test
[2025-10-24 09:49:50] INFO: API DOCS: http://localhost:5000/api-docs
[2025-10-24 09:49:50] INFO: ========================================
[2025-10-24 09:50:20] ERROR:  Erreur de connexion MongoDB:
[2025-10-24 09:51:05] INFO: ========================================
[2025-10-24 09:51:05] INFO: DigiTontine API demarre avec succes!
[2025-10-24 09:51:05] INFO: Environnement: development
[2025-10-24 09:51:05] INFO: URL: http://localhost:5000
[2025-10-24 09:51:05] INFO: API Prefix: /digitontine
[2025-10-24 09:51:05] INFO: Cle API: ACTIVEE sur toutes les routes /digitontine/*
[2025-10-24 09:51:05] INFO: Middleware Password Change: ACTIF sur routes protegees
[2025-10-24 09:51:05] INFO: Route publique admin: http://localhost:5000/create-admin-public
[2025-10-24 09:51:05] INFO: Test Check: http://localhost:5000/test
[2025-10-24 09:51:05] INFO: API DOCS: http://localhost:5000/api-docs
[2025-10-24 09:51:05] INFO: ========================================
[2025-10-24 09:51:35] ERROR:  Erreur de connexion MongoDB:
[2025-10-24 09:55:19] INFO: ========================================
[2025-10-24 09:55:19] INFO: DigiTontine API demarre avec succes!
[2025-10-24 09:55:19] INFO: Environnement: development
[2025-10-24 09:55:19] INFO: URL: http://localhost:5000
[2025-10-24 09:55:19] INFO: API Prefix: /digitontine
[2025-10-24 09:55:19] INFO: Cle API: ACTIVEE sur toutes les routes /digitontine/*
[2025-10-24 09:55:19] INFO: Middleware Password Change: ACTIF sur routes protegees
[2025-10-24 09:55:19] INFO: Route publique admin: http://localhost:5000/create-admin-public
[2025-10-24 09:55:19] INFO: Test Check: http://localhost:5000/test
[2025-10-24 09:55:19] INFO: API DOCS: http://localhost:5000/api-docs
[2025-10-24 09:55:19] INFO: ========================================
[2025-10-24 09:55:49] ERROR:  Erreur de connexion MongoDB:
[2025-10-24 09:56:15] INFO: ========================================
[2025-10-24 09:56:15] INFO: DigiTontine API demarre avec succes!
[2025-10-24 09:56:15] INFO: Environnement: development
[2025-10-24 09:56:15] INFO: URL: http://localhost:5000
[2025-10-24 09:56:15] INFO: API Prefix: /digitontine
[2025-10-24 09:56:15] INFO: Cle API: ACTIVEE sur toutes les routes /digitontine/*
[2025-10-24 09:56:15] INFO: Middleware Password Change: ACTIF sur routes protegees
[2025-10-24 09:56:15] INFO: Route publique admin: http://localhost:5000/create-admin-public
[2025-10-24 09:56:15] INFO: Test Check: http://localhost:5000/test
[2025-10-24 09:56:15] INFO: API DOCS: http://localhost:5000/api-docs
[2025-10-24 09:56:15] INFO: ========================================
[2025-10-24 09:56:45] ERROR:  Erreur de connexion MongoDB:
[2025-10-24 10:42:09] INFO: ========================================
[2025-10-24 10:42:09] INFO: DigiTontine API demarre avec succes!
[2025-10-24 10:42:09] INFO: Environnement: development
[2025-10-24 10:42:09] INFO: URL: http://localhost:5000
[2025-10-24 10:42:09] INFO: API Prefix: /digitontine
[2025-10-24 10:42:09] INFO: Cle API: ACTIVEE sur toutes les routes /digitontine/*
[2025-10-24 10:42:09] INFO: Middleware Password Change: ACTIF sur routes protegees
[2025-10-24 10:42:09] INFO: Route publique admin: http://localhost:5000/create-admin-public
[2025-10-24 10:42:09] INFO: Test Check: http://localhost:5000/test
[2025-10-24 10:42:09] INFO: API DOCS: http://localhost:5000/api-docs
[2025-10-24 10:42:09] INFO: ========================================
[2025-10-24 10:42:39] ERROR:  Erreur de connexion MongoDB:
[2025-10-24 10:42:48] INFO: ========================================
[2025-10-24 10:42:48] INFO: DigiTontine API demarre avec succes!
[2025-10-24 10:42:48] INFO: Environnement: development
[2025-10-24 10:42:48] INFO: URL: http://localhost:5000
[2025-10-24 10:42:48] INFO: API Prefix: /digitontine
[2025-10-24 10:42:48] INFO: Cle API: ACTIVEE sur toutes les routes /digitontine/*
[2025-10-24 10:42:48] INFO: Middleware Password Change: ACTIF sur routes protegees
[2025-10-24 10:42:48] INFO: Route publique admin: http://localhost:5000/create-admin-public
[2025-10-24 10:42:48] INFO: Test Check: http://localhost:5000/test
[2025-10-24 10:42:48] INFO: API DOCS: http://localhost:5000/api-docs
[2025-10-24 10:42:48] INFO: ========================================
[2025-10-24 10:43:18] ERROR:  Erreur de connexion MongoDB:
[2025-10-24 10:43:49] INFO: ========================================
[2025-10-24 10:43:49] INFO: DigiTontine API demarre avec succes!
[2025-10-24 10:43:49] INFO: Environnement: development
[2025-10-24 10:43:49] INFO: URL: http://localhost:5000
[2025-10-24 10:43:49] INFO: API Prefix: /digitontine
[2025-10-24 10:43:49] INFO: Cle API: ACTIVEE sur toutes les routes /digitontine/*
[2025-10-24 10:43:49] INFO: Middleware Password Change: ACTIF sur routes protegees
[2025-10-24 10:43:49] INFO: Route publique admin: http://localhost:5000/create-admin-public
[2025-10-24 10:43:49] INFO: Test Check: http://localhost:5000/test
[2025-10-24 10:43:49] INFO: API DOCS: http://localhost:5000/api-docs
[2025-10-24 10:43:49] INFO: ========================================
[2025-10-24 10:43:51] INFO:  MongoDB connecté: ac-bdhxmqs-shard-00-02.dq8jcnq.mongodb.net
[2025-10-24 10:43:51] INFO:  Base de données: digitontine
[2025-10-24 10:44:08] INFO:  OTP connexion envoyé à sergesenghor6@gmail.com
[2025-10-24 10:44:08] INFO: OTP envoye a sergesenghor6@gmail.com
[2025-10-24 10:44:08] INFO:  AUDIT: LOGIN_STEP_1 on User
[2025-10-24 10:52:02] WARN:  MongoDB déconnecté
[2025-10-24 10:52:39] WARN:  MongoDB déconnecté
[2025-10-24 11:03:38] WARN:  MongoDB déconnecté
[2025-10-24 11:05:53] WARN:  MongoDB déconnecté
